<?xml version="1.0" encoding="UTF-8"?>
<coverage generated="1736868354252" clover="3.2.0">
  <project timestamp="1736868354252" name="All files">
    <metrics statements="49" coveredstatements="49" conditionals="4" coveredconditionals="2" methods="11" coveredmethods="11" elements="64" coveredelements="62" complexity="0" loc="49" ncloc="49" packages="3" files="6" classes="6"/>
    <package name="src">
      <metrics statements="22" coveredstatements="22" conditionals="2" coveredconditionals="1" methods="3" coveredmethods="3"/>
      <file name="index.ts" path="C:\laragon\www\V2_Project_2_FORUM_Ali_M\server\src\index.ts">
        <metrics statements="22" coveredstatements="22" conditionals="2" coveredconditionals="1" methods="3" coveredmethods="3"/>
        <line num="1" count="1" type="stmt"/>
        <line num="2" count="1" type="stmt"/>
        <line num="3" count="1" type="stmt"/>
        <line num="4" count="1" type="stmt"/>
        <line num="5" count="1" type="stmt"/>
        <line num="6" count="1" type="stmt"/>
        <line num="9" count="1" type="stmt"/>
        <line num="11" count="1" type="cond" truecount="1" falsecount="1"/>
        <line num="14" count="1" type="stmt"/>
        <line num="17" count="1" type="stmt"/>
        <line num="18" count="1" type="stmt"/>
        <line num="19" count="1" type="stmt"/>
        <line num="20" count="1" type="stmt"/>
        <line num="23" count="1" type="stmt"/>
        <line num="24" count="1" type="stmt"/>
        <line num="26" count="1" type="stmt"/>
        <line num="27" count="72" type="stmt"/>
        <line num="31" count="1" type="stmt"/>
        <line num="32" count="28" type="stmt"/>
        <line num="36" count="1" type="stmt"/>
        <line num="37" count="1" type="stmt"/>
        <line num="40" count="1" type="stmt"/>
      </file>
    </package>
    <package name="src.configs">
      <metrics statements="17" coveredstatements="17" conditionals="2" coveredconditionals="1" methods="4" coveredmethods="4"/>
      <file name="cookieParser.ts" path="C:\laragon\www\V2_Project_2_FORUM_Ali_M\server\src\configs\cookieParser.ts">
        <metrics statements="4" coveredstatements="4" conditionals="2" coveredconditionals="1" methods="1" coveredmethods="1"/>
        <line num="1" count="1" type="stmt"/>
        <line num="4" count="1" type="stmt"/>
        <line num="6" count="1" type="cond" truecount="1" falsecount="1"/>
        <line num="7" count="1" type="stmt"/>
      </file>
      <file name="cors.ts" path="C:\laragon\www\V2_Project_2_FORUM_Ali_M\server\src\configs\cors.ts">
        <metrics statements="4" coveredstatements="4" conditionals="0" coveredconditionals="0" methods="1" coveredmethods="1"/>
        <line num="1" count="1" type="stmt"/>
        <line num="4" count="1" type="stmt"/>
        <line num="14" count="1" type="stmt"/>
        <line num="15" count="1" type="stmt"/>
      </file>
      <file name="helmet.ts" path="C:\laragon\www\V2_Project_2_FORUM_Ali_M\server\src\configs\helmet.ts">
        <metrics statements="3" coveredstatements="3" conditionals="0" coveredconditionals="0" methods="1" coveredmethods="1"/>
        <line num="2" count="1" type="stmt"/>
        <line num="4" count="1" type="stmt"/>
        <line num="6" count="1" type="stmt"/>
      </file>
      <file name="rateLimit.ts" path="C:\laragon\www\V2_Project_2_FORUM_Ali_M\server\src\configs\rateLimit.ts">
        <metrics statements="6" coveredstatements="6" conditionals="0" coveredconditionals="0" methods="1" coveredmethods="1"/>
        <line num="2" count="1" type="stmt"/>
        <line num="4" count="1" type="stmt"/>
        <line num="6" count="1" type="stmt"/>
        <line num="9" count="1" type="stmt"/>
        <line num="12" count="1" type="stmt"/>
        <line num="15" count="1" type="stmt"/>
      </file>
    </package>
    <package name="src.services">
      <metrics statements="10" coveredstatements="10" conditionals="0" coveredconditionals="0" methods="4" coveredmethods="4"/>
      <file name="rateLimiters.service.ts" path="C:\laragon\www\V2_Project_2_FORUM_Ali_M\server\src\services\rateLimiters.service.ts">
        <metrics statements="10" coveredstatements="10" conditionals="0" coveredconditionals="0" methods="4" coveredmethods="4"/>
        <line num="1" count="1" type="stmt"/>
        <line num="4" count="1" type="stmt"/>
        <line num="9" count="1" type="stmt"/>
        <line num="14" count="1" type="stmt"/>
        <line num="19" count="1" type="stmt"/>
        <line num="24" count="1" type="stmt"/>
        <line num="33" count="1" type="stmt"/>
        <line num="38" count="1" type="stmt"/>
        <line num="43" count="37" type="stmt"/>
        <line num="47" count="1" type="stmt"/>
      </file>
    </package>
  </project>
</coverage>
